<?xml version="1.0" encoding="UTF-8"?>
<!-- Generated by org.testng.reporters.JUnitXMLReporter -->
<testsuite ignored="2" hostname="LAPTOP-LG2V94E6" failures="1" tests="18" name="Test" time="85.9" errors="0" timestamp="2024-01-24T18:06:27 IST">
  <testcase classname="usermanagement.usermanage" name="editdataTest" time="6.077"/>
  <testcase classname="usermanagement.usermanage" name="femaleandactivedataTest" time="3.502"/>
  <testcase classname="usermanagement.usermanage" name="femaleandblockeddataTest" time="3.344"/>
  <testcase classname="usermanagement.usermanage" name="femaleandinactivedataTest" time="3.426"/>
  <testcase classname="usermanagement.usermanage" name="invalidsearchTest" time="4.559"/>
  <testcase classname="usermanagement.usermanage" name="maleandactivedataTest" time="3.418"/>
  <testcase classname="usermanagement.usermanage" name="maleandblockeddataTest" time="3.362"/>
  <testcase classname="usermanagement.usermanage" name="maleandinactivedataTest" time="3.431"/>
  <testcase classname="usermanagement.usermanage" name="nextandpreviuos_dataTest" time="3.95">
    <failure type="org.openqa.selenium.ElementClickInterceptedException" message="element click intercepted: Element is not clickable at point (1211, 1194)
  (Session info: chrome=120.0.6099.225)
Build info: version: &amp;apos;4.16.1&amp;apos;, revision: &amp;apos;9b4c83354e&amp;apos;
System info: os.name: &amp;apos;Windows 11&amp;apos;, os.arch: &amp;apos;amd64&amp;apos;, os.version: &amp;apos;10.0&amp;apos;, java.version: &amp;apos;17.0.4&amp;apos;
Driver info: org.openqa.selenium.chrome.ChromeDriver
Command: [69b7317ea87cef2de3cd1a99d13e86e6, clickElement {id=DB6CD79354D8878441CA6BB1DBB49037_element_14476}]
Capabilities {acceptInsecureCerts: false, browserName: chrome, browserVersion: 120.0.6099.225, chrome: {chromedriverVersion: 120.0.6099.109 (3419140ab66..., userDataDir: C:\Users\poorn\AppData\Loca...}, fedcm:accounts: true, goog:chromeOptions: {debuggerAddress: localhost:55268}, networkConnectionEnabled: false, pageLoadStrategy: normal, platformName: windows, proxy: Proxy(), se:cdp: ws://localhost:55268/devtoo..., se:cdpVersion: 120.0.6099.225, setWindowRect: true, strictFileInteractability: false, timeouts: {implicit: 0, pageLoad: 300000, script: 30000}, unhandledPromptBehavior: dismiss and notify, webauthn:extension:credBlob: true, webauthn:extension:largeBlob: true, webauthn:extension:minPinLength: true, webauthn:extension:prf: true, webauthn:virtualAuthenticators: true}
Element: [[ChromeDriver: chrome on windows (69b7317ea87cef2de3cd1a99d13e86e6)] -&amp;gt; xpath: //a[normalize-space()=&amp;apos;Next&amp;apos;]]
Session ID: 69b7317ea87cef2de3cd1a99d13e86e6">
      <![CDATA[org.openqa.selenium.ElementClickInterceptedException: element click intercepted: Element is not clickable at point (1211, 1194)
  (Session info: chrome=120.0.6099.225)
Build info: version: '4.16.1', revision: '9b4c83354e'
System info: os.name: 'Windows 11', os.arch: 'amd64', os.version: '10.0', java.version: '17.0.4'
Driver info: org.openqa.selenium.chrome.ChromeDriver
Command: [69b7317ea87cef2de3cd1a99d13e86e6, clickElement {id=DB6CD79354D8878441CA6BB1DBB49037_element_14476}]
Capabilities {acceptInsecureCerts: false, browserName: chrome, browserVersion: 120.0.6099.225, chrome: {chromedriverVersion: 120.0.6099.109 (3419140ab66..., userDataDir: C:\Users\poorn\AppData\Loca...}, fedcm:accounts: true, goog:chromeOptions: {debuggerAddress: localhost:55268}, networkConnectionEnabled: false, pageLoadStrategy: normal, platformName: windows, proxy: Proxy(), se:cdp: ws://localhost:55268/devtoo..., se:cdpVersion: 120.0.6099.225, setWindowRect: true, strictFileInteractability: false, timeouts: {implicit: 0, pageLoad: 300000, script: 30000}, unhandledPromptBehavior: dismiss and notify, webauthn:extension:credBlob: true, webauthn:extension:largeBlob: true, webauthn:extension:minPinLength: true, webauthn:extension:prf: true, webauthn:virtualAuthenticators: true}
Element: [[ChromeDriver: chrome on windows (69b7317ea87cef2de3cd1a99d13e86e6)] -> xpath: //a[normalize-space()='Next']]
Session ID: 69b7317ea87cef2de3cd1a99d13e86e6
at org.openqa.selenium.remote.codec.w3c.W3CHttpResponseCodec.createException(W3CHttpResponseCodec.java:200)
at org.openqa.selenium.remote.codec.w3c.W3CHttpResponseCodec.decode(W3CHttpResponseCodec.java:133)
at org.openqa.selenium.remote.codec.w3c.W3CHttpResponseCodec.decode(W3CHttpResponseCodec.java:52)
at org.openqa.selenium.remote.HttpCommandExecutor.execute(HttpCommandExecutor.java:191)
at org.openqa.selenium.remote.service.DriverCommandExecutor.invokeExecute(DriverCommandExecutor.java:200)
at org.openqa.selenium.remote.service.DriverCommandExecutor.execute(DriverCommandExecutor.java:175)
at org.openqa.selenium.remote.RemoteWebDriver.execute(RemoteWebDriver.java:523)
at org.openqa.selenium.remote.RemoteWebElement.execute(RemoteWebElement.java:224)
at org.openqa.selenium.remote.RemoteWebElement.click(RemoteWebElement.java:77)
at org.openqa.selenium.support.pagefactory.internal.LocatingElementHandler.invoke(LocatingElementHandler.java:51)
at jdk.proxy2/jdk.proxy2.$Proxy20.click(Unknown Source)
at usermanagement.usermanage.nextandpreviuos_dataTest(usermanage.java:258)
at java.base/java.util.ArrayList.forEach(ArrayList.java:1511)
... Removed 35 stack frames]]>
    </failure>
  </testcase> <!-- nextandpreviuos_dataTest -->
  <testcase classname="usermanagement.usermanage" name="othersandactiveddataTest" time="3.446"/>
  <testcase classname="usermanagement.usermanage" name="othersandblockeddataTest" time="3.432"/>
  <testcase classname="usermanagement.usermanage" name="othersandinactiveddataTest" time="3.424"/>
  <testcase classname="usermanagement.usermanage" name="validsearchTest" time="3.15"/>
  <testcase classname="usermanagement.Payment" name="applycompletedTest" time="4.085"/>
  <testcase classname="usermanagement.Payment" name="applyfailedTest" time="3.452"/>
  <testcase classname="usermanagement.Payment" name="invalidvalidserachinpaymentTest" time="2.223"/>
  <testcase classname="usermanagement.Payment" name="nextandpreviuos_dataTest" time="3.882"/>
  <testcase classname="usermanagement.Payment" name="validserachinpaymentTest" time="2.269"/>
  <testcase classname="com.generic.base" name="@BeforeSuite setUp" time="0.0">
    <ignored/>
  </testcase> <!-- @BeforeSuite setUp -->
  <testcase classname="com.generic.base" name="@AfterSuite tearDown" time="0.0">
    <ignored/>
  </testcase> <!-- @AfterSuite tearDown -->
</testsuite> <!-- Test -->
