<?xml version="1.0" encoding="UTF-8"?>
<testng-results ignored="0" total="21" passed="18" failed="3" skipped="0">
  <reporter-output>
  </reporter-output>
  <suite started-at="2024-02-01T13:40:28 IST" name="usermanagement" finished-at="2024-02-01T13:44:33 IST" duration-ms="245294">
    <groups>
    </groups>
    <test started-at="2024-02-01T13:40:28 IST" name="Test" finished-at="2024-02-01T13:44:33 IST" duration-ms="245294">
      <class name="usermanagement.usermanage">
        <test-method is-config="true" signature="launchbrowser()[pri:0, instance:usermanagement.usermanage@18230356]" started-at="2024-02-01T13:41:20 IST" name="launchbrowser" finished-at="2024-02-01T13:41:23 IST" duration-ms="2597" status="PASS">
          <reporter-output>
          </reporter-output>
        </test-method> <!-- launchbrowser -->
        <test-method signature="editdataTest()[pri:1, instance:usermanagement.usermanage@18230356]" started-at="2024-02-01T13:41:23 IST" name="editdataTest" finished-at="2024-02-01T13:41:31 IST" duration-ms="7904" status="PASS">
          <reporter-output>
          </reporter-output>
        </test-method> <!-- editdataTest -->
        <test-method is-config="true" signature="closeBrowser()[pri:0, instance:usermanagement.usermanage@18230356]" started-at="2024-02-01T13:41:31 IST" name="closeBrowser" finished-at="2024-02-01T13:41:31 IST" duration-ms="696" status="PASS">
          <reporter-output>
          </reporter-output>
        </test-method> <!-- closeBrowser -->
        <test-method is-config="true" signature="launchbrowser()[pri:0, instance:usermanagement.usermanage@18230356]" started-at="2024-02-01T13:41:31 IST" name="launchbrowser" finished-at="2024-02-01T13:41:34 IST" duration-ms="2793" status="PASS">
          <reporter-output>
          </reporter-output>
        </test-method> <!-- launchbrowser -->
        <test-method signature="blockuser()[pri:2, instance:usermanagement.usermanage@18230356]" started-at="2024-02-01T13:41:34 IST" name="blockuser" finished-at="2024-02-01T13:42:01 IST" duration-ms="26953" status="FAIL">
          <exception class="org.openqa.selenium.NoSuchElementException">
            <message>
              <![CDATA[no such element: Unable to locate element: {"method":"xpath","selector":"//span[text()='Block User']"}
  (Session info: chrome=120.0.6099.225)
For documentation on this error, please visit: https://www.selenium.dev/documentation/webdriver/troubleshooting/errors#no-such-element-exception
Build info: version: '4.16.1', revision: '9b4c83354e'
System info: os.name: 'Windows 10', os.arch: 'amd64', os.version: '10.0', java.version: '15.0.2'
Driver info: org.openqa.selenium.chrome.ChromeDriver
Command: [1fa39cbe72b1edce2f9b4ccb8db5be9e, findElement {using=xpath, value=//span[text()='Block User']}]
Capabilities {acceptInsecureCerts: false, browserName: chrome, browserVersion: 120.0.6099.225, chrome: {chromedriverVersion: 120.0.6099.109 (3419140ab66..., userDataDir: C:\Users\poorn\AppData\Loca...}, fedcm:accounts: true, goog:chromeOptions: {debuggerAddress: localhost:64933}, networkConnectionEnabled: false, pageLoadStrategy: normal, platformName: windows, proxy: Proxy(), se:cdp: ws://localhost:64933/devtoo..., se:cdpVersion: 120.0.6099.225, setWindowRect: true, strictFileInteractability: false, timeouts: {implicit: 0, pageLoad: 300000, script: 30000}, unhandledPromptBehavior: dismiss and notify, webauthn:extension:credBlob: true, webauthn:extension:largeBlob: true, webauthn:extension:minPinLength: true, webauthn:extension:prf: true, webauthn:virtualAuthenticators: true}
Session ID: 1fa39cbe72b1edce2f9b4ccb8db5be9e]]>
            </message>
            <full-stacktrace>
              <![CDATA[org.openqa.selenium.NoSuchElementException: no such element: Unable to locate element: {"method":"xpath","selector":"//span[text()='Block User']"}
  (Session info: chrome=120.0.6099.225)
For documentation on this error, please visit: https://www.selenium.dev/documentation/webdriver/troubleshooting/errors#no-such-element-exception
Build info: version: '4.16.1', revision: '9b4c83354e'
System info: os.name: 'Windows 10', os.arch: 'amd64', os.version: '10.0', java.version: '15.0.2'
Driver info: org.openqa.selenium.chrome.ChromeDriver
Command: [1fa39cbe72b1edce2f9b4ccb8db5be9e, findElement {using=xpath, value=//span[text()='Block User']}]
Capabilities {acceptInsecureCerts: false, browserName: chrome, browserVersion: 120.0.6099.225, chrome: {chromedriverVersion: 120.0.6099.109 (3419140ab66..., userDataDir: C:\Users\poorn\AppData\Loca...}, fedcm:accounts: true, goog:chromeOptions: {debuggerAddress: localhost:64933}, networkConnectionEnabled: false, pageLoadStrategy: normal, platformName: windows, proxy: Proxy(), se:cdp: ws://localhost:64933/devtoo..., se:cdpVersion: 120.0.6099.225, setWindowRect: true, strictFileInteractability: false, timeouts: {implicit: 0, pageLoad: 300000, script: 30000}, unhandledPromptBehavior: dismiss and notify, webauthn:extension:credBlob: true, webauthn:extension:largeBlob: true, webauthn:extension:minPinLength: true, webauthn:extension:prf: true, webauthn:virtualAuthenticators: true}
Session ID: 1fa39cbe72b1edce2f9b4ccb8db5be9e
at java.base/jdk.internal.reflect.NativeConstructorAccessorImpl.newInstance0(Native Method)
at java.base/jdk.internal.reflect.NativeConstructorAccessorImpl.newInstance(NativeConstructorAccessorImpl.java:64)
at java.base/jdk.internal.reflect.DelegatingConstructorAccessorImpl.newInstance(DelegatingConstructorAccessorImpl.java:45)
at java.base/java.lang.reflect.Constructor.newInstanceWithCaller(Constructor.java:500)
at java.base/java.lang.reflect.Constructor.newInstance(Constructor.java:481)
at org.openqa.selenium.remote.codec.w3c.W3CHttpResponseCodec.createException(W3CHttpResponseCodec.java:200)
at org.openqa.selenium.remote.codec.w3c.W3CHttpResponseCodec.decode(W3CHttpResponseCodec.java:133)
at org.openqa.selenium.remote.codec.w3c.W3CHttpResponseCodec.decode(W3CHttpResponseCodec.java:52)
at org.openqa.selenium.remote.HttpCommandExecutor.execute(HttpCommandExecutor.java:191)
at org.openqa.selenium.remote.service.DriverCommandExecutor.invokeExecute(DriverCommandExecutor.java:200)
at org.openqa.selenium.remote.service.DriverCommandExecutor.execute(DriverCommandExecutor.java:175)
at org.openqa.selenium.remote.RemoteWebDriver.execute(RemoteWebDriver.java:523)
at org.openqa.selenium.remote.ElementLocation$ElementFinder$2.findElement(ElementLocation.java:165)
at org.openqa.selenium.remote.ElementLocation.findElement(ElementLocation.java:59)
at org.openqa.selenium.remote.RemoteWebDriver.findElement(RemoteWebDriver.java:360)
at org.openqa.selenium.remote.RemoteWebDriver.findElement(RemoteWebDriver.java:354)
at org.openqa.selenium.support.pagefactory.DefaultElementLocator.findElement(DefaultElementLocator.java:68)
at org.openqa.selenium.support.pagefactory.internal.LocatingElementHandler.invoke(LocatingElementHandler.java:38)
at com.sun.proxy.$Proxy15.click(Unknown Source)
at usermanagement.usermanage.blockuser(usermanage.java:70)
at java.base/jdk.internal.reflect.NativeMethodAccessorImpl.invoke0(Native Method)
at java.base/jdk.internal.reflect.NativeMethodAccessorImpl.invoke(NativeMethodAccessorImpl.java:64)
at java.base/jdk.internal.reflect.DelegatingMethodAccessorImpl.invoke(DelegatingMethodAccessorImpl.java:43)
at java.base/java.lang.reflect.Method.invoke(Method.java:564)
at org.testng.internal.invokers.MethodInvocationHelper.invokeMethod(MethodInvocationHelper.java:139)
at org.testng.internal.invokers.TestInvoker.invokeMethod(TestInvoker.java:664)
at org.testng.internal.invokers.TestInvoker.invokeTestMethod(TestInvoker.java:228)
at org.testng.internal.invokers.MethodRunner.runInSequence(MethodRunner.java:63)
at org.testng.internal.invokers.TestInvoker$MethodInvocationAgent.invoke(TestInvoker.java:961)
at org.testng.internal.invokers.TestInvoker.invokeTestMethods(TestInvoker.java:201)
at org.testng.internal.invokers.TestMethodWorker.invokeTestMethods(TestMethodWorker.java:148)
at org.testng.internal.invokers.TestMethodWorker.run(TestMethodWorker.java:128)
at java.base/java.util.ArrayList.forEach(ArrayList.java:1511)
at org.testng.TestRunner.privateRun(TestRunner.java:819)
at org.testng.TestRunner.run(TestRunner.java:619)
at org.testng.SuiteRunner.runTest(SuiteRunner.java:443)
at org.testng.SuiteRunner.runSequentially(SuiteRunner.java:437)
at org.testng.SuiteRunner.privateRun(SuiteRunner.java:397)
at org.testng.SuiteRunner.run(SuiteRunner.java:336)
at org.testng.SuiteRunnerWorker.runSuite(SuiteRunnerWorker.java:52)
at org.testng.SuiteRunnerWorker.run(SuiteRunnerWorker.java:95)
at org.testng.TestNG.runSuitesSequentially(TestNG.java:1301)
at org.testng.TestNG.runSuitesLocally(TestNG.java:1228)
at org.testng.TestNG.runSuites(TestNG.java:1134)
at org.testng.TestNG.run(TestNG.java:1101)
at org.apache.maven.surefire.testng.TestNGExecutor.run(TestNGExecutor.java:308)
at org.apache.maven.surefire.testng.TestNGXmlTestSuite.execute(TestNGXmlTestSuite.java:71)
at org.apache.maven.surefire.testng.TestNGProvider.invoke(TestNGProvider.java:113)
at org.apache.maven.surefire.booter.ForkedBooter.runSuitesInProcess(ForkedBooter.java:385)
at org.apache.maven.surefire.booter.ForkedBooter.execute(ForkedBooter.java:162)
at org.apache.maven.surefire.booter.ForkedBooter.run(ForkedBooter.java:507)
at org.apache.maven.surefire.booter.ForkedBooter.main(ForkedBooter.java:495)
]]>
            </full-stacktrace>
          </exception> <!-- org.openqa.selenium.NoSuchElementException -->
          <reporter-output>
          </reporter-output>
        </test-method> <!-- blockuser -->
        <test-method is-config="true" signature="closeBrowser()[pri:0, instance:usermanagement.usermanage@18230356]" started-at="2024-02-01T13:42:01 IST" name="closeBrowser" finished-at="2024-02-01T13:42:02 IST" duration-ms="758" status="PASS">
          <reporter-output>
          </reporter-output>
        </test-method> <!-- closeBrowser -->
        <test-method is-config="true" signature="launchbrowser()[pri:0, instance:usermanagement.usermanage@18230356]" started-at="2024-02-01T13:42:02 IST" name="launchbrowser" finished-at="2024-02-01T13:42:04 IST" duration-ms="2364" status="PASS">
          <reporter-output>
          </reporter-output>
        </test-method> <!-- launchbrowser -->
        <test-method signature="unblockuser()[pri:3, instance:usermanagement.usermanage@18230356]" started-at="2024-02-01T13:42:04 IST" name="unblockuser" finished-at="2024-02-01T13:42:27 IST" duration-ms="22784" status="PASS">
          <reporter-output>
          </reporter-output>
        </test-method> <!-- unblockuser -->
        <test-method is-config="true" signature="closeBrowser()[pri:0, instance:usermanagement.usermanage@18230356]" started-at="2024-02-01T13:42:27 IST" name="closeBrowser" finished-at="2024-02-01T13:42:28 IST" duration-ms="707" status="PASS">
          <reporter-output>
          </reporter-output>
        </test-method> <!-- closeBrowser -->
        <test-method is-config="true" signature="launchbrowser()[pri:0, instance:usermanagement.usermanage@18230356]" started-at="2024-02-01T13:42:28 IST" name="launchbrowser" finished-at="2024-02-01T13:42:30 IST" duration-ms="2604" status="PASS">
          <reporter-output>
          </reporter-output>
        </test-method> <!-- launchbrowser -->
        <test-method signature="maleandactivedataTest()[pri:4, instance:usermanagement.usermanage@18230356]" started-at="2024-02-01T13:42:30 IST" name="maleandactivedataTest" finished-at="2024-02-01T13:42:36 IST" duration-ms="5713" status="PASS">
          <reporter-output>
          </reporter-output>
        </test-method> <!-- maleandactivedataTest -->
        <test-method is-config="true" signature="closeBrowser()[pri:0, instance:usermanagement.usermanage@18230356]" started-at="2024-02-01T13:42:36 IST" name="closeBrowser" finished-at="2024-02-01T13:42:37 IST" duration-ms="693" status="PASS">
          <reporter-output>
          </reporter-output>
        </test-method> <!-- closeBrowser -->
        <test-method is-config="true" signature="launchbrowser()[pri:0, instance:usermanagement.usermanage@18230356]" started-at="2024-02-01T13:42:37 IST" name="launchbrowser" finished-at="2024-02-01T13:42:40 IST" duration-ms="3302" status="PASS">
          <reporter-output>
          </reporter-output>
        </test-method> <!-- launchbrowser -->
        <test-method signature="maleandactivecleardataTest()[pri:5, instance:usermanagement.usermanage@18230356]" started-at="2024-02-01T13:42:40 IST" name="maleandactivecleardataTest" finished-at="2024-02-01T13:42:47 IST" duration-ms="6480" status="PASS">
          <reporter-output>
          </reporter-output>
        </test-method> <!-- maleandactivecleardataTest -->
        <test-method is-config="true" signature="closeBrowser()[pri:0, instance:usermanagement.usermanage@18230356]" started-at="2024-02-01T13:42:47 IST" name="closeBrowser" finished-at="2024-02-01T13:42:47 IST" duration-ms="674" status="PASS">
          <reporter-output>
          </reporter-output>
        </test-method> <!-- closeBrowser -->
        <test-method is-config="true" signature="launchbrowser()[pri:0, instance:usermanagement.usermanage@18230356]" started-at="2024-02-01T13:42:47 IST" name="launchbrowser" finished-at="2024-02-01T13:42:50 IST" duration-ms="2696" status="PASS">
          <reporter-output>
          </reporter-output>
        </test-method> <!-- launchbrowser -->
        <test-method signature="maleandinactivedataTest()[pri:6, instance:usermanagement.usermanage@18230356]" started-at="2024-02-01T13:42:50 IST" name="maleandinactivedataTest" finished-at="2024-02-01T13:42:56 IST" duration-ms="5517" status="PASS">
          <reporter-output>
          </reporter-output>
        </test-method> <!-- maleandinactivedataTest -->
        <test-method is-config="true" signature="closeBrowser()[pri:0, instance:usermanagement.usermanage@18230356]" started-at="2024-02-01T13:42:56 IST" name="closeBrowser" finished-at="2024-02-01T13:42:56 IST" duration-ms="692" status="PASS">
          <reporter-output>
          </reporter-output>
        </test-method> <!-- closeBrowser -->
        <test-method is-config="true" signature="launchbrowser()[pri:0, instance:usermanagement.usermanage@18230356]" started-at="2024-02-01T13:42:56 IST" name="launchbrowser" finished-at="2024-02-01T13:43:00 IST" duration-ms="3760" status="PASS">
          <reporter-output>
          </reporter-output>
        </test-method> <!-- launchbrowser -->
        <test-method signature="maleandblockeddataTest()[pri:7, instance:usermanagement.usermanage@18230356]" started-at="2024-02-01T13:43:00 IST" name="maleandblockeddataTest" finished-at="2024-02-01T13:43:06 IST" duration-ms="6071" status="PASS">
          <reporter-output>
          </reporter-output>
        </test-method> <!-- maleandblockeddataTest -->
        <test-method is-config="true" signature="closeBrowser()[pri:0, instance:usermanagement.usermanage@18230356]" started-at="2024-02-01T13:43:06 IST" name="closeBrowser" finished-at="2024-02-01T13:43:07 IST" duration-ms="686" status="PASS">
          <reporter-output>
          </reporter-output>
        </test-method> <!-- closeBrowser -->
        <test-method is-config="true" signature="launchbrowser()[pri:0, instance:usermanagement.usermanage@18230356]" started-at="2024-02-01T13:43:07 IST" name="launchbrowser" finished-at="2024-02-01T13:43:11 IST" duration-ms="3797" status="PASS">
          <reporter-output>
          </reporter-output>
        </test-method> <!-- launchbrowser -->
        <test-method signature="femaleandactivedataTest()[pri:8, instance:usermanagement.usermanage@18230356]" started-at="2024-02-01T13:43:11 IST" name="femaleandactivedataTest" finished-at="2024-02-01T13:43:16 IST" duration-ms="5474" status="PASS">
          <reporter-output>
          </reporter-output>
        </test-method> <!-- femaleandactivedataTest -->
        <test-method is-config="true" signature="closeBrowser()[pri:0, instance:usermanagement.usermanage@18230356]" started-at="2024-02-01T13:43:16 IST" name="closeBrowser" finished-at="2024-02-01T13:43:17 IST" duration-ms="696" status="PASS">
          <reporter-output>
          </reporter-output>
        </test-method> <!-- closeBrowser -->
        <test-method is-config="true" signature="launchbrowser()[pri:0, instance:usermanagement.usermanage@18230356]" started-at="2024-02-01T13:43:17 IST" name="launchbrowser" finished-at="2024-02-01T13:43:20 IST" duration-ms="3285" status="PASS">
          <reporter-output>
          </reporter-output>
        </test-method> <!-- launchbrowser -->
        <test-method signature="femaleandinactivedataTest()[pri:9, instance:usermanagement.usermanage@18230356]" started-at="2024-02-01T13:43:20 IST" name="femaleandinactivedataTest" finished-at="2024-02-01T13:43:26 IST" duration-ms="6229" status="PASS">
          <reporter-output>
          </reporter-output>
        </test-method> <!-- femaleandinactivedataTest -->
        <test-method is-config="true" signature="closeBrowser()[pri:0, instance:usermanagement.usermanage@18230356]" started-at="2024-02-01T13:43:26 IST" name="closeBrowser" finished-at="2024-02-01T13:43:27 IST" duration-ms="683" status="PASS">
          <reporter-output>
          </reporter-output>
        </test-method> <!-- closeBrowser -->
        <test-method is-config="true" signature="launchbrowser()[pri:0, instance:usermanagement.usermanage@18230356]" started-at="2024-02-01T13:43:27 IST" name="launchbrowser" finished-at="2024-02-01T13:43:31 IST" duration-ms="3749" status="PASS">
          <reporter-output>
          </reporter-output>
        </test-method> <!-- launchbrowser -->
        <test-method signature="femaleandblockeddataTest()[pri:10, instance:usermanagement.usermanage@18230356]" started-at="2024-02-01T13:43:31 IST" name="femaleandblockeddataTest" finished-at="2024-02-01T13:43:37 IST" duration-ms="6082" status="PASS">
          <reporter-output>
          </reporter-output>
        </test-method> <!-- femaleandblockeddataTest -->
        <test-method is-config="true" signature="closeBrowser()[pri:0, instance:usermanagement.usermanage@18230356]" started-at="2024-02-01T13:43:37 IST" name="closeBrowser" finished-at="2024-02-01T13:43:37 IST" duration-ms="676" status="PASS">
          <reporter-output>
          </reporter-output>
        </test-method> <!-- closeBrowser -->
        <test-method is-config="true" signature="launchbrowser()[pri:0, instance:usermanagement.usermanage@18230356]" started-at="2024-02-01T13:43:37 IST" name="launchbrowser" finished-at="2024-02-01T13:43:40 IST" duration-ms="2615" status="PASS">
          <reporter-output>
          </reporter-output>
        </test-method> <!-- launchbrowser -->
        <test-method signature="othersandblockeddataTest()[pri:11, instance:usermanagement.usermanage@18230356]" started-at="2024-02-01T13:43:40 IST" name="othersandblockeddataTest" finished-at="2024-02-01T13:43:46 IST" duration-ms="5875" status="PASS">
          <reporter-output>
          </reporter-output>
        </test-method> <!-- othersandblockeddataTest -->
        <test-method is-config="true" signature="closeBrowser()[pri:0, instance:usermanagement.usermanage@18230356]" started-at="2024-02-01T13:43:46 IST" name="closeBrowser" finished-at="2024-02-01T13:43:47 IST" duration-ms="682" status="PASS">
          <reporter-output>
          </reporter-output>
        </test-method> <!-- closeBrowser -->
        <test-method is-config="true" signature="launchbrowser()[pri:0, instance:usermanagement.usermanage@18230356]" started-at="2024-02-01T13:43:47 IST" name="launchbrowser" finished-at="2024-02-01T13:43:50 IST" duration-ms="2882" status="PASS">
          <reporter-output>
          </reporter-output>
        </test-method> <!-- launchbrowser -->
        <test-method signature="othersandactiveddataTest()[pri:12, instance:usermanagement.usermanage@18230356]" started-at="2024-02-01T13:43:50 IST" name="othersandactiveddataTest" finished-at="2024-02-01T13:43:55 IST" duration-ms="5893" status="PASS">
          <reporter-output>
          </reporter-output>
        </test-method> <!-- othersandactiveddataTest -->
        <test-method is-config="true" signature="closeBrowser()[pri:0, instance:usermanagement.usermanage@18230356]" started-at="2024-02-01T13:43:55 IST" name="closeBrowser" finished-at="2024-02-01T13:43:56 IST" duration-ms="666" status="PASS">
          <reporter-output>
          </reporter-output>
        </test-method> <!-- closeBrowser -->
        <test-method is-config="true" signature="launchbrowser()[pri:0, instance:usermanagement.usermanage@18230356]" started-at="2024-02-01T13:43:56 IST" name="launchbrowser" finished-at="2024-02-01T13:43:59 IST" duration-ms="2795" status="PASS">
          <reporter-output>
          </reporter-output>
        </test-method> <!-- launchbrowser -->
        <test-method signature="othersandinactiveddataTest()[pri:13, instance:usermanagement.usermanage@18230356]" started-at="2024-02-01T13:43:59 IST" name="othersandinactiveddataTest" finished-at="2024-02-01T13:44:05 IST" duration-ms="6379" status="PASS">
          <reporter-output>
          </reporter-output>
        </test-method> <!-- othersandinactiveddataTest -->
        <test-method is-config="true" signature="closeBrowser()[pri:0, instance:usermanagement.usermanage@18230356]" started-at="2024-02-01T13:44:05 IST" name="closeBrowser" finished-at="2024-02-01T13:44:06 IST" duration-ms="701" status="PASS">
          <reporter-output>
          </reporter-output>
        </test-method> <!-- closeBrowser -->
        <test-method is-config="true" signature="launchbrowser()[pri:0, instance:usermanagement.usermanage@18230356]" started-at="2024-02-01T13:44:06 IST" name="launchbrowser" finished-at="2024-02-01T13:44:08 IST" duration-ms="2355" status="PASS">
          <reporter-output>
          </reporter-output>
        </test-method> <!-- launchbrowser -->
        <test-method signature="validsearchTest()[pri:14, instance:usermanagement.usermanage@18230356]" started-at="2024-02-01T13:44:08 IST" name="validsearchTest" finished-at="2024-02-01T13:44:13 IST" duration-ms="5113" status="PASS">
          <reporter-output>
          </reporter-output>
        </test-method> <!-- validsearchTest -->
        <test-method is-config="true" signature="closeBrowser()[pri:0, instance:usermanagement.usermanage@18230356]" started-at="2024-02-01T13:44:13 IST" name="closeBrowser" finished-at="2024-02-01T13:44:14 IST" duration-ms="659" status="PASS">
          <reporter-output>
          </reporter-output>
        </test-method> <!-- closeBrowser -->
        <test-method is-config="true" signature="launchbrowser()[pri:0, instance:usermanagement.usermanage@18230356]" started-at="2024-02-01T13:44:14 IST" name="launchbrowser" finished-at="2024-02-01T13:44:17 IST" duration-ms="2455" status="PASS">
          <reporter-output>
          </reporter-output>
        </test-method> <!-- launchbrowser -->
        <test-method signature="invalidsearchTest()[pri:15, instance:usermanagement.usermanage@18230356]" started-at="2024-02-01T13:44:17 IST" name="invalidsearchTest" finished-at="2024-02-01T13:44:23 IST" duration-ms="5980" status="PASS">
          <reporter-output>
          </reporter-output>
        </test-method> <!-- invalidsearchTest -->
        <test-method is-config="true" signature="closeBrowser()[pri:0, instance:usermanagement.usermanage@18230356]" started-at="2024-02-01T13:44:23 IST" name="closeBrowser" finished-at="2024-02-01T13:44:23 IST" duration-ms="675" status="PASS">
          <reporter-output>
          </reporter-output>
        </test-method> <!-- closeBrowser -->
        <test-method is-config="true" signature="launchbrowser()[pri:0, instance:usermanagement.usermanage@18230356]" started-at="2024-02-01T13:44:23 IST" name="launchbrowser" finished-at="2024-02-01T13:44:26 IST" duration-ms="2590" status="PASS">
          <reporter-output>
          </reporter-output>
        </test-method> <!-- launchbrowser -->
        <test-method signature="nextandpreviuos_dataTest()[pri:16, instance:usermanagement.usermanage@18230356]" started-at="2024-02-01T13:44:26 IST" name="nextandpreviuos_dataTest" finished-at="2024-02-01T13:44:32 IST" duration-ms="6489" status="FAIL">
          <exception class="org.openqa.selenium.ElementClickInterceptedException">
            <message>
              <![CDATA[element click intercepted: Element is not clickable at point (1211, 1258)
  (Session info: chrome=120.0.6099.225)
Build info: version: '4.16.1', revision: '9b4c83354e'
System info: os.name: 'Windows 10', os.arch: 'amd64', os.version: '10.0', java.version: '15.0.2'
Driver info: org.openqa.selenium.chrome.ChromeDriver
Command: [84e72862b7bffe922fc5981a4f87409e, clickElement {id=858041847FCE0E7BA8B868DE6B9CEB5A_element_1031}]
Capabilities {acceptInsecureCerts: false, browserName: chrome, browserVersion: 120.0.6099.225, chrome: {chromedriverVersion: 120.0.6099.109 (3419140ab66..., userDataDir: C:\Users\poorn\AppData\Loca...}, fedcm:accounts: true, goog:chromeOptions: {debuggerAddress: localhost:49156}, networkConnectionEnabled: false, pageLoadStrategy: normal, platformName: windows, proxy: Proxy(), se:cdp: ws://localhost:49156/devtoo..., se:cdpVersion: 120.0.6099.225, setWindowRect: true, strictFileInteractability: false, timeouts: {implicit: 0, pageLoad: 300000, script: 30000}, unhandledPromptBehavior: dismiss and notify, webauthn:extension:credBlob: true, webauthn:extension:largeBlob: true, webauthn:extension:minPinLength: true, webauthn:extension:prf: true, webauthn:virtualAuthenticators: true}
Element: [[ChromeDriver: chrome on windows (84e72862b7bffe922fc5981a4f87409e)] -> xpath: //a[normalize-space()='Next']]
Session ID: 84e72862b7bffe922fc5981a4f87409e]]>
            </message>
            <full-stacktrace>
              <![CDATA[org.openqa.selenium.ElementClickInterceptedException: element click intercepted: Element is not clickable at point (1211, 1258)
  (Session info: chrome=120.0.6099.225)
Build info: version: '4.16.1', revision: '9b4c83354e'
System info: os.name: 'Windows 10', os.arch: 'amd64', os.version: '10.0', java.version: '15.0.2'
Driver info: org.openqa.selenium.chrome.ChromeDriver
Command: [84e72862b7bffe922fc5981a4f87409e, clickElement {id=858041847FCE0E7BA8B868DE6B9CEB5A_element_1031}]
Capabilities {acceptInsecureCerts: false, browserName: chrome, browserVersion: 120.0.6099.225, chrome: {chromedriverVersion: 120.0.6099.109 (3419140ab66..., userDataDir: C:\Users\poorn\AppData\Loca...}, fedcm:accounts: true, goog:chromeOptions: {debuggerAddress: localhost:49156}, networkConnectionEnabled: false, pageLoadStrategy: normal, platformName: windows, proxy: Proxy(), se:cdp: ws://localhost:49156/devtoo..., se:cdpVersion: 120.0.6099.225, setWindowRect: true, strictFileInteractability: false, timeouts: {implicit: 0, pageLoad: 300000, script: 30000}, unhandledPromptBehavior: dismiss and notify, webauthn:extension:credBlob: true, webauthn:extension:largeBlob: true, webauthn:extension:minPinLength: true, webauthn:extension:prf: true, webauthn:virtualAuthenticators: true}
Element: [[ChromeDriver: chrome on windows (84e72862b7bffe922fc5981a4f87409e)] -> xpath: //a[normalize-space()='Next']]
Session ID: 84e72862b7bffe922fc5981a4f87409e
at java.base/jdk.internal.reflect.NativeConstructorAccessorImpl.newInstance0(Native Method)
at java.base/jdk.internal.reflect.NativeConstructorAccessorImpl.newInstance(NativeConstructorAccessorImpl.java:64)
at java.base/jdk.internal.reflect.DelegatingConstructorAccessorImpl.newInstance(DelegatingConstructorAccessorImpl.java:45)
at java.base/java.lang.reflect.Constructor.newInstanceWithCaller(Constructor.java:500)
at java.base/java.lang.reflect.Constructor.newInstance(Constructor.java:481)
at org.openqa.selenium.remote.codec.w3c.W3CHttpResponseCodec.createException(W3CHttpResponseCodec.java:200)
at org.openqa.selenium.remote.codec.w3c.W3CHttpResponseCodec.decode(W3CHttpResponseCodec.java:133)
at org.openqa.selenium.remote.codec.w3c.W3CHttpResponseCodec.decode(W3CHttpResponseCodec.java:52)
at org.openqa.selenium.remote.HttpCommandExecutor.execute(HttpCommandExecutor.java:191)
at org.openqa.selenium.remote.service.DriverCommandExecutor.invokeExecute(DriverCommandExecutor.java:200)
at org.openqa.selenium.remote.service.DriverCommandExecutor.execute(DriverCommandExecutor.java:175)
at org.openqa.selenium.remote.RemoteWebDriver.execute(RemoteWebDriver.java:523)
at org.openqa.selenium.remote.RemoteWebElement.execute(RemoteWebElement.java:224)
at org.openqa.selenium.remote.RemoteWebElement.click(RemoteWebElement.java:77)
at jdk.internal.reflect.GeneratedMethodAccessor6.invoke(Unknown Source)
at java.base/jdk.internal.reflect.DelegatingMethodAccessorImpl.invoke(DelegatingMethodAccessorImpl.java:43)
at java.base/java.lang.reflect.Method.invoke(Method.java:564)
at org.openqa.selenium.support.pagefactory.internal.LocatingElementHandler.invoke(LocatingElementHandler.java:51)
at com.sun.proxy.$Proxy15.click(Unknown Source)
at usermanagement.usermanage.nextandpreviuos_dataTest(usermanage.java:346)
at java.base/jdk.internal.reflect.NativeMethodAccessorImpl.invoke0(Native Method)
at java.base/jdk.internal.reflect.NativeMethodAccessorImpl.invoke(NativeMethodAccessorImpl.java:64)
at java.base/jdk.internal.reflect.DelegatingMethodAccessorImpl.invoke(DelegatingMethodAccessorImpl.java:43)
at java.base/java.lang.reflect.Method.invoke(Method.java:564)
at org.testng.internal.invokers.MethodInvocationHelper.invokeMethod(MethodInvocationHelper.java:139)
at org.testng.internal.invokers.TestInvoker.invokeMethod(TestInvoker.java:664)
at org.testng.internal.invokers.TestInvoker.invokeTestMethod(TestInvoker.java:228)
at org.testng.internal.invokers.MethodRunner.runInSequence(MethodRunner.java:63)
at org.testng.internal.invokers.TestInvoker$MethodInvocationAgent.invoke(TestInvoker.java:961)
at org.testng.internal.invokers.TestInvoker.invokeTestMethods(TestInvoker.java:201)
at org.testng.internal.invokers.TestMethodWorker.invokeTestMethods(TestMethodWorker.java:148)
at org.testng.internal.invokers.TestMethodWorker.run(TestMethodWorker.java:128)
at java.base/java.util.ArrayList.forEach(ArrayList.java:1511)
at org.testng.TestRunner.privateRun(TestRunner.java:819)
at org.testng.TestRunner.run(TestRunner.java:619)
at org.testng.SuiteRunner.runTest(SuiteRunner.java:443)
at org.testng.SuiteRunner.runSequentially(SuiteRunner.java:437)
at org.testng.SuiteRunner.privateRun(SuiteRunner.java:397)
at org.testng.SuiteRunner.run(SuiteRunner.java:336)
at org.testng.SuiteRunnerWorker.runSuite(SuiteRunnerWorker.java:52)
at org.testng.SuiteRunnerWorker.run(SuiteRunnerWorker.java:95)
at org.testng.TestNG.runSuitesSequentially(TestNG.java:1301)
at org.testng.TestNG.runSuitesLocally(TestNG.java:1228)
at org.testng.TestNG.runSuites(TestNG.java:1134)
at org.testng.TestNG.run(TestNG.java:1101)
at org.apache.maven.surefire.testng.TestNGExecutor.run(TestNGExecutor.java:308)
at org.apache.maven.surefire.testng.TestNGXmlTestSuite.execute(TestNGXmlTestSuite.java:71)
at org.apache.maven.surefire.testng.TestNGProvider.invoke(TestNGProvider.java:113)
at org.apache.maven.surefire.booter.ForkedBooter.runSuitesInProcess(ForkedBooter.java:385)
at org.apache.maven.surefire.booter.ForkedBooter.execute(ForkedBooter.java:162)
at org.apache.maven.surefire.booter.ForkedBooter.run(ForkedBooter.java:507)
at org.apache.maven.surefire.booter.ForkedBooter.main(ForkedBooter.java:495)
]]>
            </full-stacktrace>
          </exception> <!-- org.openqa.selenium.ElementClickInterceptedException -->
          <reporter-output>
          </reporter-output>
        </test-method> <!-- nextandpreviuos_dataTest -->
        <test-method is-config="true" signature="closeBrowser()[pri:0, instance:usermanagement.usermanage@18230356]" started-at="2024-02-01T13:44:32 IST" name="closeBrowser" finished-at="2024-02-01T13:44:33 IST" duration-ms="701" status="PASS">
          <reporter-output>
          </reporter-output>
        </test-method> <!-- closeBrowser -->
      </class> <!-- usermanagement.usermanage -->
      <class name="usermanagement.Payment">
        <test-method is-config="true" signature="setUp()[pri:0, instance:usermanagement.Payment@72cf2de5]" started-at="2024-02-01T13:40:27 IST" name="setUp" finished-at="2024-02-01T13:40:28 IST" duration-ms="397" status="PASS">
          <reporter-output>
          </reporter-output>
        </test-method> <!-- setUp -->
        <test-method is-config="true" signature="launchbrowser()[pri:0, instance:usermanagement.Payment@72cf2de5]" started-at="2024-02-01T13:40:28 IST" name="launchbrowser" finished-at="2024-02-01T13:40:35 IST" duration-ms="6795" status="PASS">
          <reporter-output>
          </reporter-output>
        </test-method> <!-- launchbrowser -->
        <test-method signature="applycompletedTest()[pri:0, instance:usermanagement.Payment@72cf2de5]" started-at="2024-02-01T13:40:35 IST" name="applycompletedTest" finished-at="2024-02-01T13:40:41 IST" duration-ms="6705" status="PASS">
          <reporter-output>
          </reporter-output>
        </test-method> <!-- applycompletedTest -->
        <test-method is-config="true" signature="closeBrowser()[pri:0, instance:usermanagement.Payment@72cf2de5]" started-at="2024-02-01T13:40:41 IST" name="closeBrowser" finished-at="2024-02-01T13:40:42 IST" duration-ms="710" status="PASS">
          <reporter-output>
          </reporter-output>
        </test-method> <!-- closeBrowser -->
        <test-method is-config="true" signature="launchbrowser()[pri:0, instance:usermanagement.Payment@72cf2de5]" started-at="2024-02-01T13:40:42 IST" name="launchbrowser" finished-at="2024-02-01T13:40:45 IST" duration-ms="2687" status="PASS">
          <reporter-output>
          </reporter-output>
        </test-method> <!-- launchbrowser -->
        <test-method signature="applyfailedTest()[pri:0, instance:usermanagement.Payment@72cf2de5]" started-at="2024-02-01T13:40:45 IST" name="applyfailedTest" finished-at="2024-02-01T13:40:51 IST" duration-ms="6006" status="PASS">
          <reporter-output>
          </reporter-output>
        </test-method> <!-- applyfailedTest -->
        <test-method is-config="true" signature="closeBrowser()[pri:0, instance:usermanagement.Payment@72cf2de5]" started-at="2024-02-01T13:40:51 IST" name="closeBrowser" finished-at="2024-02-01T13:40:52 IST" duration-ms="761" status="PASS">
          <reporter-output>
          </reporter-output>
        </test-method> <!-- closeBrowser -->
        <test-method is-config="true" signature="launchbrowser()[pri:0, instance:usermanagement.Payment@72cf2de5]" started-at="2024-02-01T13:40:52 IST" name="launchbrowser" finished-at="2024-02-01T13:40:54 IST" duration-ms="2403" status="PASS">
          <reporter-output>
          </reporter-output>
        </test-method> <!-- launchbrowser -->
        <test-method signature="invalidvalidserachinpaymentTest()[pri:0, instance:usermanagement.Payment@72cf2de5]" started-at="2024-02-01T13:40:54 IST" name="invalidvalidserachinpaymentTest" finished-at="2024-02-01T13:41:00 IST" duration-ms="6490" status="PASS">
          <reporter-output>
          </reporter-output>
        </test-method> <!-- invalidvalidserachinpaymentTest -->
        <test-method is-config="true" signature="closeBrowser()[pri:0, instance:usermanagement.Payment@72cf2de5]" started-at="2024-02-01T13:41:00 IST" name="closeBrowser" finished-at="2024-02-01T13:41:01 IST" duration-ms="690" status="PASS">
          <reporter-output>
          </reporter-output>
        </test-method> <!-- closeBrowser -->
        <test-method is-config="true" signature="launchbrowser()[pri:0, instance:usermanagement.Payment@72cf2de5]" started-at="2024-02-01T13:41:01 IST" name="launchbrowser" finished-at="2024-02-01T13:41:03 IST" duration-ms="2306" status="PASS">
          <reporter-output>
          </reporter-output>
        </test-method> <!-- launchbrowser -->
        <test-method signature="nextandpreviuos_dataTest()[pri:0, instance:usermanagement.Payment@72cf2de5]" started-at="2024-02-01T13:41:03 IST" name="nextandpreviuos_dataTest" finished-at="2024-02-01T13:41:11 IST" duration-ms="7472" status="FAIL">
          <exception class="org.openqa.selenium.ElementClickInterceptedException">
            <message>
              <![CDATA[element click intercepted: Element is not clickable at point (1211, 1044)
  (Session info: chrome=120.0.6099.225)
Build info: version: '4.16.1', revision: '9b4c83354e'
System info: os.name: 'Windows 10', os.arch: 'amd64', os.version: '10.0', java.version: '15.0.2'
Driver info: org.openqa.selenium.chrome.ChromeDriver
Command: [1df460b3454ad74677cf4bd51db859b6, clickElement {id=8039EF544B5B1C21F5E83DA276326E68_element_2297}]
Capabilities {acceptInsecureCerts: false, browserName: chrome, browserVersion: 120.0.6099.225, chrome: {chromedriverVersion: 120.0.6099.109 (3419140ab66..., userDataDir: C:\Users\poorn\AppData\Loca...}, fedcm:accounts: true, goog:chromeOptions: {debuggerAddress: localhost:64804}, networkConnectionEnabled: false, pageLoadStrategy: normal, platformName: windows, proxy: Proxy(), se:cdp: ws://localhost:64804/devtoo..., se:cdpVersion: 120.0.6099.225, setWindowRect: true, strictFileInteractability: false, timeouts: {implicit: 0, pageLoad: 300000, script: 30000}, unhandledPromptBehavior: dismiss and notify, webauthn:extension:credBlob: true, webauthn:extension:largeBlob: true, webauthn:extension:minPinLength: true, webauthn:extension:prf: true, webauthn:virtualAuthenticators: true}
Element: [[ChromeDriver: chrome on windows (1df460b3454ad74677cf4bd51db859b6)] -> xpath: //a[normalize-space()='Next']]
Session ID: 1df460b3454ad74677cf4bd51db859b6]]>
            </message>
            <full-stacktrace>
              <![CDATA[org.openqa.selenium.ElementClickInterceptedException: element click intercepted: Element is not clickable at point (1211, 1044)
  (Session info: chrome=120.0.6099.225)
Build info: version: '4.16.1', revision: '9b4c83354e'
System info: os.name: 'Windows 10', os.arch: 'amd64', os.version: '10.0', java.version: '15.0.2'
Driver info: org.openqa.selenium.chrome.ChromeDriver
Command: [1df460b3454ad74677cf4bd51db859b6, clickElement {id=8039EF544B5B1C21F5E83DA276326E68_element_2297}]
Capabilities {acceptInsecureCerts: false, browserName: chrome, browserVersion: 120.0.6099.225, chrome: {chromedriverVersion: 120.0.6099.109 (3419140ab66..., userDataDir: C:\Users\poorn\AppData\Loca...}, fedcm:accounts: true, goog:chromeOptions: {debuggerAddress: localhost:64804}, networkConnectionEnabled: false, pageLoadStrategy: normal, platformName: windows, proxy: Proxy(), se:cdp: ws://localhost:64804/devtoo..., se:cdpVersion: 120.0.6099.225, setWindowRect: true, strictFileInteractability: false, timeouts: {implicit: 0, pageLoad: 300000, script: 30000}, unhandledPromptBehavior: dismiss and notify, webauthn:extension:credBlob: true, webauthn:extension:largeBlob: true, webauthn:extension:minPinLength: true, webauthn:extension:prf: true, webauthn:virtualAuthenticators: true}
Element: [[ChromeDriver: chrome on windows (1df460b3454ad74677cf4bd51db859b6)] -> xpath: //a[normalize-space()='Next']]
Session ID: 1df460b3454ad74677cf4bd51db859b6
at java.base/jdk.internal.reflect.NativeConstructorAccessorImpl.newInstance0(Native Method)
at java.base/jdk.internal.reflect.NativeConstructorAccessorImpl.newInstance(NativeConstructorAccessorImpl.java:64)
at java.base/jdk.internal.reflect.DelegatingConstructorAccessorImpl.newInstance(DelegatingConstructorAccessorImpl.java:45)
at java.base/java.lang.reflect.Constructor.newInstanceWithCaller(Constructor.java:500)
at java.base/java.lang.reflect.Constructor.newInstance(Constructor.java:481)
at org.openqa.selenium.remote.codec.w3c.W3CHttpResponseCodec.createException(W3CHttpResponseCodec.java:200)
at org.openqa.selenium.remote.codec.w3c.W3CHttpResponseCodec.decode(W3CHttpResponseCodec.java:133)
at org.openqa.selenium.remote.codec.w3c.W3CHttpResponseCodec.decode(W3CHttpResponseCodec.java:52)
at org.openqa.selenium.remote.HttpCommandExecutor.execute(HttpCommandExecutor.java:191)
at org.openqa.selenium.remote.service.DriverCommandExecutor.invokeExecute(DriverCommandExecutor.java:200)
at org.openqa.selenium.remote.service.DriverCommandExecutor.execute(DriverCommandExecutor.java:175)
at org.openqa.selenium.remote.RemoteWebDriver.execute(RemoteWebDriver.java:523)
at org.openqa.selenium.remote.RemoteWebElement.execute(RemoteWebElement.java:224)
at org.openqa.selenium.remote.RemoteWebElement.click(RemoteWebElement.java:77)
at jdk.internal.reflect.GeneratedMethodAccessor6.invoke(Unknown Source)
at java.base/jdk.internal.reflect.DelegatingMethodAccessorImpl.invoke(DelegatingMethodAccessorImpl.java:43)
at java.base/java.lang.reflect.Method.invoke(Method.java:564)
at org.openqa.selenium.support.pagefactory.internal.LocatingElementHandler.invoke(LocatingElementHandler.java:51)
at com.sun.proxy.$Proxy15.click(Unknown Source)
at usermanagement.Payment.nextandpreviuos_dataTest(Payment.java:90)
at java.base/jdk.internal.reflect.NativeMethodAccessorImpl.invoke0(Native Method)
at java.base/jdk.internal.reflect.NativeMethodAccessorImpl.invoke(NativeMethodAccessorImpl.java:64)
at java.base/jdk.internal.reflect.DelegatingMethodAccessorImpl.invoke(DelegatingMethodAccessorImpl.java:43)
at java.base/java.lang.reflect.Method.invoke(Method.java:564)
at org.testng.internal.invokers.MethodInvocationHelper.invokeMethod(MethodInvocationHelper.java:139)
at org.testng.internal.invokers.TestInvoker.invokeMethod(TestInvoker.java:664)
at org.testng.internal.invokers.TestInvoker.invokeTestMethod(TestInvoker.java:228)
at org.testng.internal.invokers.MethodRunner.runInSequence(MethodRunner.java:63)
at org.testng.internal.invokers.TestInvoker$MethodInvocationAgent.invoke(TestInvoker.java:961)
at org.testng.internal.invokers.TestInvoker.invokeTestMethods(TestInvoker.java:201)
at org.testng.internal.invokers.TestMethodWorker.invokeTestMethods(TestMethodWorker.java:148)
at org.testng.internal.invokers.TestMethodWorker.run(TestMethodWorker.java:128)
at java.base/java.util.ArrayList.forEach(ArrayList.java:1511)
at org.testng.TestRunner.privateRun(TestRunner.java:819)
at org.testng.TestRunner.run(TestRunner.java:619)
at org.testng.SuiteRunner.runTest(SuiteRunner.java:443)
at org.testng.SuiteRunner.runSequentially(SuiteRunner.java:437)
at org.testng.SuiteRunner.privateRun(SuiteRunner.java:397)
at org.testng.SuiteRunner.run(SuiteRunner.java:336)
at org.testng.SuiteRunnerWorker.runSuite(SuiteRunnerWorker.java:52)
at org.testng.SuiteRunnerWorker.run(SuiteRunnerWorker.java:95)
at org.testng.TestNG.runSuitesSequentially(TestNG.java:1301)
at org.testng.TestNG.runSuitesLocally(TestNG.java:1228)
at org.testng.TestNG.runSuites(TestNG.java:1134)
at org.testng.TestNG.run(TestNG.java:1101)
at org.apache.maven.surefire.testng.TestNGExecutor.run(TestNGExecutor.java:308)
at org.apache.maven.surefire.testng.TestNGXmlTestSuite.execute(TestNGXmlTestSuite.java:71)
at org.apache.maven.surefire.testng.TestNGProvider.invoke(TestNGProvider.java:113)
at org.apache.maven.surefire.booter.ForkedBooter.runSuitesInProcess(ForkedBooter.java:385)
at org.apache.maven.surefire.booter.ForkedBooter.execute(ForkedBooter.java:162)
at org.apache.maven.surefire.booter.ForkedBooter.run(ForkedBooter.java:507)
at org.apache.maven.surefire.booter.ForkedBooter.main(ForkedBooter.java:495)
]]>
            </full-stacktrace>
          </exception> <!-- org.openqa.selenium.ElementClickInterceptedException -->
          <reporter-output>
          </reporter-output>
        </test-method> <!-- nextandpreviuos_dataTest -->
        <test-method is-config="true" signature="closeBrowser()[pri:0, instance:usermanagement.Payment@72cf2de5]" started-at="2024-02-01T13:41:11 IST" name="closeBrowser" finished-at="2024-02-01T13:41:12 IST" duration-ms="681" status="PASS">
          <reporter-output>
          </reporter-output>
        </test-method> <!-- closeBrowser -->
        <test-method is-config="true" signature="launchbrowser()[pri:0, instance:usermanagement.Payment@72cf2de5]" started-at="2024-02-01T13:41:12 IST" name="launchbrowser" finished-at="2024-02-01T13:41:14 IST" duration-ms="2454" status="PASS">
          <reporter-output>
          </reporter-output>
        </test-method> <!-- launchbrowser -->
        <test-method signature="validserachinpaymentTest()[pri:0, instance:usermanagement.Payment@72cf2de5]" started-at="2024-02-01T13:41:14 IST" name="validserachinpaymentTest" finished-at="2024-02-01T13:41:20 IST" duration-ms="5533" status="PASS">
          <reporter-output>
          </reporter-output>
        </test-method> <!-- validserachinpaymentTest -->
        <test-method is-config="true" signature="closeBrowser()[pri:0, instance:usermanagement.Payment@72cf2de5]" started-at="2024-02-01T13:41:20 IST" name="closeBrowser" finished-at="2024-02-01T13:41:20 IST" duration-ms="671" status="PASS">
          <reporter-output>
          </reporter-output>
        </test-method> <!-- closeBrowser -->
        <test-method is-config="true" signature="tearDown()[pri:0, instance:usermanagement.Payment@72cf2de5]" started-at="2024-02-01T13:44:33 IST" name="tearDown" finished-at="2024-02-01T13:44:34 IST" duration-ms="653" status="PASS">
          <reporter-output>
          </reporter-output>
        </test-method> <!-- tearDown -->
      </class> <!-- usermanagement.Payment -->
    </test> <!-- Test -->
  </suite> <!-- usermanagement -->
</testng-results>
