<?xml version="1.0" encoding="UTF-8"?>
<testng-results ignored="0" total="5" passed="4" failed="1" skipped="0">
  <reporter-output>
  </reporter-output>
  <suite started-at="2024-02-12T19:16:08 IST" name="UserManagementSuite" finished-at="2024-02-12T19:16:50 IST" duration-ms="41877">
    <groups>
      <group name="Sanity">
        <method signature="Payment.nextandpreviuos_dataTest()[pri:0, instance:usermanagement.Payment@614ca7df]" name="nextandpreviuos_dataTest" class="usermanagement.Payment"/>
      </group> <!-- Sanity -->
      <group name="regression">
        <method signature="Payment.applyfailedTest()[pri:0, instance:usermanagement.Payment@614ca7df]" name="applyfailedTest" class="usermanagement.Payment"/>
        <method signature="Payment.invalidvalidserachinpaymentTest()[pri:0, instance:usermanagement.Payment@614ca7df]" name="invalidvalidserachinpaymentTest" class="usermanagement.Payment"/>
      </group> <!-- regression -->
      <group name="smoke">
        <method signature="Payment.applycompletedTest()[pri:0, instance:usermanagement.Payment@614ca7df]" name="applycompletedTest" class="usermanagement.Payment"/>
        <method signature="Payment.validserachinpaymentTest()[pri:0, instance:usermanagement.Payment@614ca7df]" name="validserachinpaymentTest" class="usermanagement.Payment"/>
      </group> <!-- smoke -->
    </groups>
    <test started-at="2024-02-12T19:16:08 IST" name="UserManagementTest" finished-at="2024-02-12T19:16:50 IST" duration-ms="41877">
      <class name="usermanagement.Payment">
        <test-method is-config="true" signature="setup()[pri:0, instance:usermanagement.Payment@614ca7df]" started-at="2024-02-12T19:16:07 IST" name="setup" finished-at="2024-02-12T19:16:08 IST" duration-ms="485" status="PASS">
          <reporter-output>
          </reporter-output>
        </test-method> <!-- setup -->
        <test-method is-config="true" signature="launchbrowser(java.lang.reflect.Method,org.testng.ITestContext,java.lang.String)[pri:0, instance:usermanagement.Payment@614ca7df]" started-at="2024-02-12T19:16:08 IST" name="launchbrowser" finished-at="2024-02-12T19:16:11 IST" duration-ms="3351" status="PASS">
          <params>
            <param index="0">
              <value>
                <![CDATA[public void usermanagement.Payment.applycompletedTest() throws java.lang.Exception]]>
              </value>
            </param>
            <param index="1">
              <value>
                <![CDATA[org.testng.TestRunner@21f9c6ea]]>
              </value>
            </param>
            <param index="2">
              <value>
                <![CDATA[chrome]]>
              </value>
            </param>
          </params>
          <reporter-output>
          </reporter-output>
        </test-method> <!-- launchbrowser -->
        <test-method signature="applycompletedTest()[pri:0, instance:usermanagement.Payment@614ca7df]" started-at="2024-02-12T19:16:11 IST" name="applycompletedTest" finished-at="2024-02-12T19:16:16 IST" duration-ms="4873" status="PASS">
          <reporter-output>
          </reporter-output>
        </test-method> <!-- applycompletedTest -->
        <test-method is-config="true" signature="closeBrowser(java.lang.reflect.Method,org.testng.ITestResult)[pri:0, instance:usermanagement.Payment@614ca7df]" started-at="2024-02-12T19:16:16 IST" name="closeBrowser" finished-at="2024-02-12T19:16:17 IST" duration-ms="516" status="PASS">
          <params>
            <param index="0">
              <value>
                <![CDATA[public void usermanagement.Payment.applycompletedTest() throws java.lang.Exception]]>
              </value>
            </param>
            <param index="1">
              <value>
                <![CDATA[[TestResult name=applycompletedTest status=SUCCESS method=Payment.applycompletedTest()[pri:0, instance:usermanagement.Payment@614ca7df] output={null}]]]>
              </value>
            </param>
          </params>
          <reporter-output>
          </reporter-output>
        </test-method> <!-- closeBrowser -->
        <test-method is-config="true" signature="launchbrowser(java.lang.reflect.Method,org.testng.ITestContext,java.lang.String)[pri:0, instance:usermanagement.Payment@614ca7df]" started-at="2024-02-12T19:16:17 IST" name="launchbrowser" finished-at="2024-02-12T19:16:18 IST" duration-ms="1481" status="PASS">
          <params>
            <param index="0">
              <value>
                <![CDATA[public void usermanagement.Payment.applyfailedTest() throws java.lang.Exception]]>
              </value>
            </param>
            <param index="1">
              <value>
                <![CDATA[org.testng.TestRunner@21f9c6ea]]>
              </value>
            </param>
            <param index="2">
              <value>
                <![CDATA[chrome]]>
              </value>
            </param>
          </params>
          <reporter-output>
          </reporter-output>
        </test-method> <!-- launchbrowser -->
        <test-method signature="applyfailedTest()[pri:0, instance:usermanagement.Payment@614ca7df]" started-at="2024-02-12T19:16:18 IST" name="applyfailedTest" finished-at="2024-02-12T19:16:23 IST" duration-ms="5197" status="PASS">
          <reporter-output>
          </reporter-output>
        </test-method> <!-- applyfailedTest -->
        <test-method is-config="true" signature="closeBrowser(java.lang.reflect.Method,org.testng.ITestResult)[pri:0, instance:usermanagement.Payment@614ca7df]" started-at="2024-02-12T19:16:23 IST" name="closeBrowser" finished-at="2024-02-12T19:16:24 IST" duration-ms="460" status="PASS">
          <params>
            <param index="0">
              <value>
                <![CDATA[public void usermanagement.Payment.applyfailedTest() throws java.lang.Exception]]>
              </value>
            </param>
            <param index="1">
              <value>
                <![CDATA[[TestResult name=applyfailedTest status=SUCCESS method=Payment.applyfailedTest()[pri:0, instance:usermanagement.Payment@614ca7df] output={null}]]]>
              </value>
            </param>
          </params>
          <reporter-output>
          </reporter-output>
        </test-method> <!-- closeBrowser -->
        <test-method is-config="true" signature="launchbrowser(java.lang.reflect.Method,org.testng.ITestContext,java.lang.String)[pri:0, instance:usermanagement.Payment@614ca7df]" started-at="2024-02-12T19:16:24 IST" name="launchbrowser" finished-at="2024-02-12T19:16:26 IST" duration-ms="1735" status="PASS">
          <params>
            <param index="0">
              <value>
                <![CDATA[public void usermanagement.Payment.invalidvalidserachinpaymentTest() throws java.lang.Exception]]>
              </value>
            </param>
            <param index="1">
              <value>
                <![CDATA[org.testng.TestRunner@21f9c6ea]]>
              </value>
            </param>
            <param index="2">
              <value>
                <![CDATA[chrome]]>
              </value>
            </param>
          </params>
          <reporter-output>
          </reporter-output>
        </test-method> <!-- launchbrowser -->
        <test-method signature="invalidvalidserachinpaymentTest()[pri:0, instance:usermanagement.Payment@614ca7df]" started-at="2024-02-12T19:16:26 IST" name="invalidvalidserachinpaymentTest" finished-at="2024-02-12T19:16:29 IST" duration-ms="3586" status="PASS">
          <reporter-output>
          </reporter-output>
        </test-method> <!-- invalidvalidserachinpaymentTest -->
        <test-method is-config="true" signature="closeBrowser(java.lang.reflect.Method,org.testng.ITestResult)[pri:0, instance:usermanagement.Payment@614ca7df]" started-at="2024-02-12T19:16:29 IST" name="closeBrowser" finished-at="2024-02-12T19:16:30 IST" duration-ms="460" status="PASS">
          <params>
            <param index="0">
              <value>
                <![CDATA[public void usermanagement.Payment.invalidvalidserachinpaymentTest() throws java.lang.Exception]]>
              </value>
            </param>
            <param index="1">
              <value>
                <![CDATA[[TestResult name=invalidvalidserachinpaymentTest status=SUCCESS method=Payment.invalidvalidserachinpaymentTest()[pri:0, instance:usermanagement.Payment@614ca7df] output={null}]]]>
              </value>
            </param>
          </params>
          <reporter-output>
          </reporter-output>
        </test-method> <!-- closeBrowser -->
        <test-method is-config="true" signature="launchbrowser(java.lang.reflect.Method,org.testng.ITestContext,java.lang.String)[pri:0, instance:usermanagement.Payment@614ca7df]" started-at="2024-02-12T19:16:30 IST" name="launchbrowser" finished-at="2024-02-12T19:16:31 IST" duration-ms="1675" status="PASS">
          <params>
            <param index="0">
              <value>
                <![CDATA[public void usermanagement.Payment.nextandpreviuos_dataTest() throws java.lang.Exception]]>
              </value>
            </param>
            <param index="1">
              <value>
                <![CDATA[org.testng.TestRunner@21f9c6ea]]>
              </value>
            </param>
            <param index="2">
              <value>
                <![CDATA[chrome]]>
              </value>
            </param>
          </params>
          <reporter-output>
          </reporter-output>
        </test-method> <!-- launchbrowser -->
        <test-method signature="nextandpreviuos_dataTest()[pri:0, instance:usermanagement.Payment@614ca7df]" started-at="2024-02-12T19:16:31 IST" name="nextandpreviuos_dataTest" finished-at="2024-02-12T19:16:43 IST" duration-ms="11980" status="FAIL">
          <exception class="org.openqa.selenium.NoSuchElementException">
            <message>
              <![CDATA[no such element: Unable to locate element: {"method":"xpath","selector":"//button[normalize-space()='Failed']"}
  (Session info: chrome=121.0.6167.161)
For documentation on this error, please visit: https://selenium.dev/exceptions/#no_such_element
Build info: version: '4.9.0', revision: 'd7057100a6'
System info: os.name: 'Windows 11', os.arch: 'amd64', os.version: '10.0', java.version: '17.0.4'
Driver info: org.openqa.selenium.chrome.ChromeDriver
Command: [a939a7c0b137af6834a8f9e50d3242e1, findElement {using=xpath, value=//button[normalize-space()='Failed']}]
Capabilities {acceptInsecureCerts: false, browserName: chrome, browserVersion: 121.0.6167.161, chrome: {chromedriverVersion: 121.0.6167.85 (3f98d690ad7e..., userDataDir: C:\Users\poorn\AppData\Loca...}, fedcm:accounts: true, goog:chromeOptions: {debuggerAddress: localhost:56667}, networkConnectionEnabled: false, pageLoadStrategy: normal, platformName: WINDOWS, proxy: Proxy(), se:cdp: ws://localhost:56667/devtoo..., se:cdpVersion: 121.0.6167.161, setWindowRect: true, strictFileInteractability: false, timeouts: {implicit: 0, pageLoad: 300000, script: 30000}, unhandledPromptBehavior: dismiss and notify, webauthn:extension:credBlob: true, webauthn:extension:largeBlob: true, webauthn:extension:minPinLength: true, webauthn:extension:prf: true, webauthn:virtualAuthenticators: true}
Session ID: a939a7c0b137af6834a8f9e50d3242e1]]>
            </message>
            <full-stacktrace>
              <![CDATA[org.openqa.selenium.NoSuchElementException: no such element: Unable to locate element: {"method":"xpath","selector":"//button[normalize-space()='Failed']"}
  (Session info: chrome=121.0.6167.161)
For documentation on this error, please visit: https://selenium.dev/exceptions/#no_such_element
Build info: version: '4.9.0', revision: 'd7057100a6'
System info: os.name: 'Windows 11', os.arch: 'amd64', os.version: '10.0', java.version: '17.0.4'
Driver info: org.openqa.selenium.chrome.ChromeDriver
Command: [a939a7c0b137af6834a8f9e50d3242e1, findElement {using=xpath, value=//button[normalize-space()='Failed']}]
Capabilities {acceptInsecureCerts: false, browserName: chrome, browserVersion: 121.0.6167.161, chrome: {chromedriverVersion: 121.0.6167.85 (3f98d690ad7e..., userDataDir: C:\Users\poorn\AppData\Loca...}, fedcm:accounts: true, goog:chromeOptions: {debuggerAddress: localhost:56667}, networkConnectionEnabled: false, pageLoadStrategy: normal, platformName: WINDOWS, proxy: Proxy(), se:cdp: ws://localhost:56667/devtoo..., se:cdpVersion: 121.0.6167.161, setWindowRect: true, strictFileInteractability: false, timeouts: {implicit: 0, pageLoad: 300000, script: 30000}, unhandledPromptBehavior: dismiss and notify, webauthn:extension:credBlob: true, webauthn:extension:largeBlob: true, webauthn:extension:minPinLength: true, webauthn:extension:prf: true, webauthn:virtualAuthenticators: true}
Session ID: a939a7c0b137af6834a8f9e50d3242e1
at java.base/jdk.internal.reflect.NativeConstructorAccessorImpl.newInstance0(Native Method)
at java.base/jdk.internal.reflect.NativeConstructorAccessorImpl.newInstance(NativeConstructorAccessorImpl.java:77)
at java.base/jdk.internal.reflect.DelegatingConstructorAccessorImpl.newInstance(DelegatingConstructorAccessorImpl.java:45)
at java.base/java.lang.reflect.Constructor.newInstanceWithCaller(Constructor.java:499)
at java.base/java.lang.reflect.Constructor.newInstance(Constructor.java:480)
at org.openqa.selenium.remote.codec.w3c.W3CHttpResponseCodec.createException(W3CHttpResponseCodec.java:200)
at org.openqa.selenium.remote.codec.w3c.W3CHttpResponseCodec.decode(W3CHttpResponseCodec.java:133)
at org.openqa.selenium.remote.codec.w3c.W3CHttpResponseCodec.decode(W3CHttpResponseCodec.java:53)
at org.openqa.selenium.remote.HttpCommandExecutor.execute(HttpCommandExecutor.java:193)
at org.openqa.selenium.remote.service.DriverCommandExecutor.invokeExecute(DriverCommandExecutor.java:183)
at org.openqa.selenium.remote.service.DriverCommandExecutor.execute(DriverCommandExecutor.java:158)
at org.openqa.selenium.remote.RemoteWebDriver.execute(RemoteWebDriver.java:543)
at org.openqa.selenium.remote.ElementLocation$ElementFinder$2.findElement(ElementLocation.java:162)
at org.openqa.selenium.remote.ElementLocation.findElement(ElementLocation.java:60)
at org.openqa.selenium.remote.RemoteWebDriver.findElement(RemoteWebDriver.java:352)
at org.openqa.selenium.remote.RemoteWebDriver.findElement(RemoteWebDriver.java:344)
at org.openqa.selenium.support.pagefactory.DefaultElementLocator.findElement(DefaultElementLocator.java:70)
at org.openqa.selenium.support.pagefactory.internal.LocatingElementHandler.invoke(LocatingElementHandler.java:39)
at jdk.proxy2/jdk.proxy2.$Proxy22.click(Unknown Source)
at usermanagement.Payment.nextandpreviuos_dataTest(Payment.java:98)
at java.base/jdk.internal.reflect.NativeMethodAccessorImpl.invoke0(Native Method)
at java.base/jdk.internal.reflect.NativeMethodAccessorImpl.invoke(NativeMethodAccessorImpl.java:77)
at java.base/jdk.internal.reflect.DelegatingMethodAccessorImpl.invoke(DelegatingMethodAccessorImpl.java:43)
at java.base/java.lang.reflect.Method.invoke(Method.java:568)
at org.testng.internal.invokers.MethodInvocationHelper.invokeMethod(MethodInvocationHelper.java:139)
at org.testng.internal.invokers.TestInvoker.invokeMethod(TestInvoker.java:664)
at org.testng.internal.invokers.TestInvoker.invokeTestMethod(TestInvoker.java:228)
at org.testng.internal.invokers.MethodRunner.runInSequence(MethodRunner.java:63)
at org.testng.internal.invokers.TestInvoker$MethodInvocationAgent.invoke(TestInvoker.java:961)
at org.testng.internal.invokers.TestInvoker.invokeTestMethods(TestInvoker.java:201)
at org.testng.internal.invokers.TestMethodWorker.invokeTestMethods(TestMethodWorker.java:148)
at org.testng.internal.invokers.TestMethodWorker.run(TestMethodWorker.java:128)
at java.base/java.util.ArrayList.forEach(ArrayList.java:1511)
at org.testng.TestRunner.privateRun(TestRunner.java:819)
at org.testng.TestRunner.run(TestRunner.java:619)
at org.testng.SuiteRunner.runTest(SuiteRunner.java:443)
at org.testng.SuiteRunner.runSequentially(SuiteRunner.java:437)
at org.testng.SuiteRunner.privateRun(SuiteRunner.java:397)
at org.testng.SuiteRunner.run(SuiteRunner.java:336)
at org.testng.SuiteRunnerWorker.runSuite(SuiteRunnerWorker.java:52)
at org.testng.SuiteRunnerWorker.run(SuiteRunnerWorker.java:95)
at org.testng.TestNG.runSuitesSequentially(TestNG.java:1301)
at org.testng.TestNG.runSuitesLocally(TestNG.java:1228)
at org.testng.TestNG.runSuites(TestNG.java:1134)
at org.testng.TestNG.run(TestNG.java:1101)
at org.testng.remote.AbstractRemoteTestNG.run(AbstractRemoteTestNG.java:115)
at org.testng.remote.RemoteTestNG.initAndRun(RemoteTestNG.java:251)
at org.testng.remote.RemoteTestNG.main(RemoteTestNG.java:77)
]]>
            </full-stacktrace>
          </exception> <!-- org.openqa.selenium.NoSuchElementException -->
          <reporter-output>
          </reporter-output>
        </test-method> <!-- nextandpreviuos_dataTest -->
        <test-method is-config="true" signature="closeBrowser(java.lang.reflect.Method,org.testng.ITestResult)[pri:0, instance:usermanagement.Payment@614ca7df]" started-at="2024-02-12T19:16:43 IST" name="closeBrowser" finished-at="2024-02-12T19:16:44 IST" duration-ms="413" status="PASS">
          <params>
            <param index="0">
              <value>
                <![CDATA[public void usermanagement.Payment.nextandpreviuos_dataTest() throws java.lang.Exception]]>
              </value>
            </param>
            <param index="1">
              <value>
                <![CDATA[[TestResult name=nextandpreviuos_dataTest status=FAILURE method=Payment.nextandpreviuos_dataTest()[pri:0, instance:usermanagement.Payment@614ca7df] output={null}]]]>
              </value>
            </param>
          </params>
          <reporter-output>
          </reporter-output>
        </test-method> <!-- closeBrowser -->
        <test-method is-config="true" signature="launchbrowser(java.lang.reflect.Method,org.testng.ITestContext,java.lang.String)[pri:0, instance:usermanagement.Payment@614ca7df]" started-at="2024-02-12T19:16:44 IST" name="launchbrowser" finished-at="2024-02-12T19:16:45 IST" duration-ms="1748" status="PASS">
          <params>
            <param index="0">
              <value>
                <![CDATA[public void usermanagement.Payment.validserachinpaymentTest() throws java.lang.Exception]]>
              </value>
            </param>
            <param index="1">
              <value>
                <![CDATA[org.testng.TestRunner@21f9c6ea]]>
              </value>
            </param>
            <param index="2">
              <value>
                <![CDATA[chrome]]>
              </value>
            </param>
          </params>
          <reporter-output>
          </reporter-output>
        </test-method> <!-- launchbrowser -->
        <test-method signature="validserachinpaymentTest()[pri:0, instance:usermanagement.Payment@614ca7df]" started-at="2024-02-12T19:16:45 IST" name="validserachinpaymentTest" finished-at="2024-02-12T19:16:49 IST" duration-ms="3921" status="PASS">
          <reporter-output>
          </reporter-output>
        </test-method> <!-- validserachinpaymentTest -->
        <test-method is-config="true" signature="closeBrowser(java.lang.reflect.Method,org.testng.ITestResult)[pri:0, instance:usermanagement.Payment@614ca7df]" started-at="2024-02-12T19:16:49 IST" name="closeBrowser" finished-at="2024-02-12T19:16:50 IST" duration-ms="427" status="PASS">
          <params>
            <param index="0">
              <value>
                <![CDATA[public void usermanagement.Payment.validserachinpaymentTest() throws java.lang.Exception]]>
              </value>
            </param>
            <param index="1">
              <value>
                <![CDATA[[TestResult name=validserachinpaymentTest status=SUCCESS method=Payment.validserachinpaymentTest()[pri:0, instance:usermanagement.Payment@614ca7df] output={null}]]]>
              </value>
            </param>
          </params>
          <reporter-output>
          </reporter-output>
        </test-method> <!-- closeBrowser -->
        <test-method is-config="true" signature="tearDown()[pri:0, instance:usermanagement.Payment@614ca7df]" started-at="2024-02-12T19:16:50 IST" name="tearDown" finished-at="2024-02-12T19:16:50 IST" duration-ms="349" status="FAIL">
          <exception class="java.lang.NullPointerException">
            <message>
              <![CDATA[Cannot invoke "com.generic.Base.closeserver()" because "com.generic.Base.base" is null]]>
            </message>
            <full-stacktrace>
              <![CDATA[java.lang.NullPointerException: Cannot invoke "com.generic.Base.closeserver()" because "com.generic.Base.base" is null
at com.generic.Base.tearDown(Base.java:148)
at java.base/jdk.internal.reflect.NativeMethodAccessorImpl.invoke0(Native Method)
at java.base/jdk.internal.reflect.NativeMethodAccessorImpl.invoke(NativeMethodAccessorImpl.java:77)
at java.base/jdk.internal.reflect.DelegatingMethodAccessorImpl.invoke(DelegatingMethodAccessorImpl.java:43)
at java.base/java.lang.reflect.Method.invoke(Method.java:568)
at org.testng.internal.invokers.MethodInvocationHelper.invokeMethod(MethodInvocationHelper.java:139)
at org.testng.internal.invokers.MethodInvocationHelper.invokeMethodConsideringTimeout(MethodInvocationHelper.java:69)
at org.testng.internal.invokers.ConfigInvoker.invokeConfigurationMethod(ConfigInvoker.java:393)
at org.testng.internal.invokers.ConfigInvoker.invokeConfigurations(ConfigInvoker.java:326)
at org.testng.SuiteRunner.privateRun(SuiteRunner.java:410)
at org.testng.SuiteRunner.run(SuiteRunner.java:336)
at org.testng.SuiteRunnerWorker.runSuite(SuiteRunnerWorker.java:52)
at org.testng.SuiteRunnerWorker.run(SuiteRunnerWorker.java:95)
at org.testng.TestNG.runSuitesSequentially(TestNG.java:1301)
at org.testng.TestNG.runSuitesLocally(TestNG.java:1228)
at org.testng.TestNG.runSuites(TestNG.java:1134)
at org.testng.TestNG.run(TestNG.java:1101)
at org.testng.remote.AbstractRemoteTestNG.run(AbstractRemoteTestNG.java:115)
at org.testng.remote.RemoteTestNG.initAndRun(RemoteTestNG.java:251)
at org.testng.remote.RemoteTestNG.main(RemoteTestNG.java:77)
]]>
            </full-stacktrace>
          </exception> <!-- java.lang.NullPointerException -->
          <reporter-output>
          </reporter-output>
        </test-method> <!-- tearDown -->
      </class> <!-- usermanagement.Payment -->
    </test> <!-- UserManagementTest -->
  </suite> <!-- UserManagementSuite -->
</testng-results>
