<?xml version="1.0" encoding="UTF-8"?>
<!-- Generated by org.testng.reporters.JUnitReportReporter -->
<testsuite hostname="LAPTOP-LG2V94E6" failures="0" tests="17" name="usermanagement.usermanage" time="1.766" errors="1" timestamp="2024-02-05T14:57:52 IST" skipped="16">
  <testcase classname="usermanagement.usermanage" name="launchbrowser" time="1.766">
    <error message="Cannot invoke &quot;com.aventstack.extentreports.ExtentReports.createTest(String)&quot; because &quot;com.generic.Base.extent&quot; is null" type="java.lang.NullPointerException">
      <![CDATA[java.lang.NullPointerException: Cannot invoke "com.aventstack.extentreports.ExtentReports.createTest(String)" because "com.generic.Base.extent" is null
at com.generic.Base.launchbrowser(Base.java:87)
at java.base/jdk.internal.reflect.NativeMethodAccessorImpl.invoke0(Native Method)
at java.base/jdk.internal.reflect.NativeMethodAccessorImpl.invoke(NativeMethodAccessorImpl.java:77)
at java.base/jdk.internal.reflect.DelegatingMethodAccessorImpl.invoke(DelegatingMethodAccessorImpl.java:43)
at java.base/java.lang.reflect.Method.invoke(Method.java:568)
at org.testng.internal.invokers.MethodInvocationHelper.invokeMethod(MethodInvocationHelper.java:139)
at org.testng.internal.invokers.MethodInvocationHelper.invokeMethodConsideringTimeout(MethodInvocationHelper.java:69)
at org.testng.internal.invokers.ConfigInvoker.invokeConfigurationMethod(ConfigInvoker.java:393)
at org.testng.internal.invokers.ConfigInvoker.invokeConfigurations(ConfigInvoker.java:326)
at org.testng.internal.invokers.TestInvoker.runConfigMethods(TestInvoker.java:810)
at org.testng.internal.invokers.TestInvoker.invokeMethod(TestInvoker.java:578)
at org.testng.internal.invokers.TestInvoker.invokeTestMethod(TestInvoker.java:228)
at org.testng.internal.invokers.MethodRunner.runInSequence(MethodRunner.java:63)
at org.testng.internal.invokers.TestInvoker$MethodInvocationAgent.invoke(TestInvoker.java:961)
at org.testng.internal.invokers.TestInvoker.invokeTestMethods(TestInvoker.java:201)
at org.testng.internal.invokers.TestMethodWorker.invokeTestMethods(TestMethodWorker.java:148)
at org.testng.internal.invokers.TestMethodWorker.run(TestMethodWorker.java:128)
at java.base/java.util.ArrayList.forEach(ArrayList.java:1511)
at org.testng.TestRunner.privateRun(TestRunner.java:819)
at org.testng.TestRunner.run(TestRunner.java:619)
at org.testng.SuiteRunner.runTest(SuiteRunner.java:443)
at org.testng.SuiteRunner.runSequentially(SuiteRunner.java:437)
at org.testng.SuiteRunner.privateRun(SuiteRunner.java:397)
at org.testng.SuiteRunner.run(SuiteRunner.java:336)
at org.testng.SuiteRunnerWorker.runSuite(SuiteRunnerWorker.java:52)
at org.testng.SuiteRunnerWorker.run(SuiteRunnerWorker.java:95)
at org.testng.TestNG.runSuitesSequentially(TestNG.java:1301)
at org.testng.TestNG.runSuitesLocally(TestNG.java:1228)
at org.testng.TestNG.runSuites(TestNG.java:1134)
at org.testng.TestNG.run(TestNG.java:1101)
at org.testng.remote.AbstractRemoteTestNG.run(AbstractRemoteTestNG.java:115)
at org.testng.remote.RemoteTestNG.initAndRun(RemoteTestNG.java:251)
at org.testng.remote.RemoteTestNG.main(RemoteTestNG.java:77)
]]>
    </error>
  </testcase> <!-- launchbrowser -->
  <testcase classname="usermanagement.usermanage" name="editdataTest" time="0.000">
    <skipped/>
  </testcase> <!-- editdataTest -->
  <testcase classname="usermanagement.usermanage" name="blockuser" time="0.000">
    <skipped/>
  </testcase> <!-- blockuser -->
  <testcase classname="usermanagement.usermanage" name="unblockuser" time="0.000">
    <skipped/>
  </testcase> <!-- unblockuser -->
  <testcase classname="usermanagement.usermanage" name="maleandactivedataTest" time="0.000">
    <skipped/>
  </testcase> <!-- maleandactivedataTest -->
  <testcase classname="usermanagement.usermanage" name="maleandactivecleardataTest" time="0.000">
    <skipped/>
  </testcase> <!-- maleandactivecleardataTest -->
  <testcase classname="usermanagement.usermanage" name="maleandinactivedataTest" time="0.000">
    <skipped/>
  </testcase> <!-- maleandinactivedataTest -->
  <testcase classname="usermanagement.usermanage" name="maleandblockeddataTest" time="0.000">
    <skipped/>
  </testcase> <!-- maleandblockeddataTest -->
  <testcase classname="usermanagement.usermanage" name="femaleandactivedataTest" time="0.000">
    <skipped/>
  </testcase> <!-- femaleandactivedataTest -->
  <testcase classname="usermanagement.usermanage" name="femaleandinactivedataTest" time="0.000">
    <skipped/>
  </testcase> <!-- femaleandinactivedataTest -->
  <testcase classname="usermanagement.usermanage" name="femaleandblockeddataTest" time="0.000">
    <skipped/>
  </testcase> <!-- femaleandblockeddataTest -->
  <testcase classname="usermanagement.usermanage" name="othersandblockeddataTest" time="0.000">
    <skipped/>
  </testcase> <!-- othersandblockeddataTest -->
  <testcase classname="usermanagement.usermanage" name="othersandactiveddataTest" time="0.000">
    <skipped/>
  </testcase> <!-- othersandactiveddataTest -->
  <testcase classname="usermanagement.usermanage" name="othersandinactiveddataTest" time="0.000">
    <skipped/>
  </testcase> <!-- othersandinactiveddataTest -->
  <testcase classname="usermanagement.usermanage" name="validsearchTest" time="0.000">
    <skipped/>
  </testcase> <!-- validsearchTest -->
  <testcase classname="usermanagement.usermanage" name="invalidsearchTest" time="0.000">
    <skipped/>
  </testcase> <!-- invalidsearchTest -->
  <testcase classname="usermanagement.usermanage" name="nextandpreviuos_dataTest" time="0.000">
    <skipped/>
  </testcase> <!-- nextandpreviuos_dataTest -->
</testsuite> <!-- usermanagement.usermanage -->
